{"/home/travis/build/npmtest/node-npmtest-j/test.js":{"path":"/home/travis/build/npmtest/node-npmtest-j/test.js","s":{"1":2,"2":2,"3":2,"4":2,"5":2,"6":2,"7":2,"8":1,"9":2,"10":2,"11":1,"12":1,"13":1,"14":1,"15":2,"16":2,"17":2,"18":2,"19":1,"20":1,"21":2,"22":2,"23":2,"24":1,"25":1,"26":1,"27":1,"28":1,"29":1,"30":1,"31":1,"32":1,"33":1,"34":1,"35":1,"36":1,"37":1,"38":1,"39":2,"40":2,"41":1,"42":2,"43":2,"44":1,"45":2,"46":2,"47":1,"48":2,"49":2,"50":1,"51":1,"52":1,"53":1,"54":1},"b":{"1":[2,1,1,1],"2":[1,1,1,1],"3":[1,1],"4":[1,1],"5":[1,1],"6":[1,1],"7":[1,1],"8":[1,1],"9":[1,1],"10":[1,1,1],"11":[1,1],"12":[1,1],"13":[1,1],"14":[1,1],"15":[1,1],"16":[1,1],"17":[1,1]},"f":{"1":2,"2":2,"3":2,"4":2,"5":2,"6":1,"7":1,"8":1,"9":2,"10":2,"11":2,"12":2,"13":1},"fnMap":{"1":{"name":"(anonymous_1)","line":12,"loc":{"start":{"line":12,"column":1},"end":{"line":12,"column":13}}},"2":{"name":"(anonymous_2)","line":19,"loc":{"start":{"line":19,"column":5},"end":{"line":19,"column":17}}},"3":{"name":"(anonymous_3)","line":23,"loc":{"start":{"line":23,"column":24},"end":{"line":23,"column":36}}},"4":{"name":"(anonymous_4)","line":61,"loc":{"start":{"line":61,"column":5},"end":{"line":61,"column":17}}},"5":{"name":"(anonymous_5)","line":82,"loc":{"start":{"line":82,"column":5},"end":{"line":82,"column":17}}},"6":{"name":"(anonymous_6)","line":91,"loc":{"start":{"line":91,"column":77},"end":{"line":94,"column":10}}},"7":{"name":"(anonymous_7)","line":112,"loc":{"start":{"line":112,"column":83},"end":{"line":115,"column":10}},"skip":true},"8":{"name":"(anonymous_8)","line":123,"loc":{"start":{"line":123,"column":77},"end":{"line":126,"column":10}},"skip":true},"9":{"name":"(anonymous_9)","line":139,"loc":{"start":{"line":139,"column":12},"end":{"line":139,"column":40}},"skip":true},"10":{"name":"(anonymous_10)","line":147,"loc":{"start":{"line":147,"column":77},"end":{"line":150,"column":10}},"skip":true},"11":{"name":"(anonymous_11)","line":158,"loc":{"start":{"line":158,"column":83},"end":{"line":161,"column":10}},"skip":true},"12":{"name":"(anonymous_12)","line":169,"loc":{"start":{"line":169,"column":79},"end":{"line":172,"column":10}},"skip":true},"13":{"name":"(anonymous_13)","line":180,"loc":{"start":{"line":180,"column":75},"end":{"line":183,"column":10}},"skip":true}},"statementMap":{"1":{"start":{"line":12,"column":0},"end":{"line":195,"column":5}},"2":{"start":{"line":14,"column":4},"end":{"line":14,"column":14}},"3":{"start":{"line":19,"column":4},"end":{"line":56,"column":9}},"4":{"start":{"line":21,"column":8},"end":{"line":21,"column":19}},"5":{"start":{"line":23,"column":8},"end":{"line":35,"column":13}},"6":{"start":{"line":24,"column":12},"end":{"line":34,"column":13}},"7":{"start":{"line":25,"column":16},"end":{"line":28,"column":30}},"8":{"start":{"line":30,"column":16},"end":{"line":33,"column":27}},"9":{"start":{"line":37,"column":8},"end":{"line":39,"column":21}},"10":{"start":{"line":40,"column":8},"end":{"line":53,"column":9}},"11":{"start":{"line":43,"column":12},"end":{"line":46,"column":14}},"12":{"start":{"line":47,"column":12},"end":{"line":47,"column":18}},"13":{"start":{"line":50,"column":12},"end":{"line":51,"column":33}},"14":{"start":{"line":52,"column":12},"end":{"line":52,"column":18}},"15":{"start":{"line":55,"column":8},"end":{"line":55,"column":35}},"16":{"start":{"line":61,"column":4},"end":{"line":63,"column":9}},"17":{"start":{"line":62,"column":8},"end":{"line":62,"column":15}},"18":{"start":{"line":64,"column":4},"end":{"line":77,"column":5}},"19":{"start":{"line":70,"column":8},"end":{"line":70,"column":14}},"20":{"start":{"line":76,"column":8},"end":{"line":76,"column":14}},"21":{"start":{"line":82,"column":4},"end":{"line":84,"column":9}},"22":{"start":{"line":83,"column":8},"end":{"line":83,"column":15}},"23":{"start":{"line":85,"column":4},"end":{"line":194,"column":5}},"24":{"start":{"line":91,"column":8},"end":{"line":99,"column":10}},"25":{"start":{"line":98,"column":12},"end":{"line":98,"column":35}},"26":{"start":{"line":102,"column":8},"end":{"line":104,"column":63}},"27":{"start":{"line":105,"column":8},"end":{"line":105,"column":14}},"28":{"start":{"line":112,"column":8},"end":{"line":121,"column":10},"skip":true},"29":{"start":{"line":119,"column":12},"end":{"line":119,"column":55},"skip":true},"30":{"start":{"line":120,"column":12},"end":{"line":120,"column":48},"skip":true},"31":{"start":{"line":123,"column":8},"end":{"line":136,"column":10},"skip":true},"32":{"start":{"line":130,"column":12},"end":{"line":130,"column":76},"skip":true},"33":{"start":{"line":131,"column":12},"end":{"line":131,"column":73},"skip":true},"34":{"start":{"line":132,"column":12},"end":{"line":132,"column":74},"skip":true},"35":{"start":{"line":133,"column":12},"end":{"line":133,"column":79},"skip":true},"36":{"start":{"line":134,"column":12},"end":{"line":134,"column":25},"skip":true},"37":{"start":{"line":135,"column":12},"end":{"line":135,"column":45},"skip":true},"38":{"start":{"line":138,"column":8},"end":{"line":145,"column":14},"skip":true},"39":{"start":{"line":143,"column":16},"end":{"line":143,"column":29},"skip":true},"40":{"start":{"line":144,"column":16},"end":{"line":144,"column":55},"skip":true},"41":{"start":{"line":147,"column":8},"end":{"line":156,"column":10},"skip":true},"42":{"start":{"line":154,"column":12},"end":{"line":154,"column":25},"skip":true},"43":{"start":{"line":155,"column":12},"end":{"line":155,"column":45},"skip":true},"44":{"start":{"line":158,"column":8},"end":{"line":167,"column":10},"skip":true},"45":{"start":{"line":165,"column":12},"end":{"line":165,"column":25},"skip":true},"46":{"start":{"line":166,"column":12},"end":{"line":166,"column":48},"skip":true},"47":{"start":{"line":169,"column":8},"end":{"line":178,"column":10},"skip":true},"48":{"start":{"line":176,"column":12},"end":{"line":176,"column":25},"skip":true},"49":{"start":{"line":177,"column":12},"end":{"line":177,"column":46},"skip":true},"50":{"start":{"line":180,"column":8},"end":{"line":189,"column":10},"skip":true},"51":{"start":{"line":187,"column":12},"end":{"line":187,"column":94},"skip":true},"52":{"start":{"line":188,"column":12},"end":{"line":188,"column":48},"skip":true},"53":{"start":{"line":192,"column":8},"end":{"line":192,"column":35},"skip":true},"54":{"start":{"line":193,"column":8},"end":{"line":193,"column":14},"skip":true}},"branchMap":{"1":{"line":25,"type":"binary-expr","locations":[{"start":{"line":25,"column":23},"end":{"line":25,"column":62}},{"start":{"line":26,"column":20},"end":{"line":26,"column":70}},{"start":{"line":27,"column":20},"end":{"line":27,"column":71}},{"start":{"line":28,"column":20},"end":{"line":28,"column":29}}]},"2":{"line":30,"type":"binary-expr","locations":[{"start":{"line":30,"column":23},"end":{"line":30,"column":37}},{"start":{"line":31,"column":20},"end":{"line":31,"column":61}},{"start":{"line":32,"column":20},"end":{"line":32,"column":70}},{"start":{"line":33,"column":20},"end":{"line":33,"column":26}}]},"3":{"line":37,"type":"cond-expr","locations":[{"start":{"line":38,"column":14},"end":{"line":38,"column":20}},{"start":{"line":39,"column":14},"end":{"line":39,"column":20}}]},"4":{"line":40,"type":"switch","locations":[{"start":{"line":42,"column":8},"end":{"line":47,"column":18}},{"start":{"line":49,"column":8},"end":{"line":52,"column":18}}]},"5":{"line":44,"type":"binary-expr","locations":[{"start":{"line":44,"column":16},"end":{"line":44,"column":44}},{"start":{"line":44,"column":48},"end":{"line":44,"column":66}}]},"6":{"line":50,"type":"binary-expr","locations":[{"start":{"line":50,"column":21},"end":{"line":50,"column":49}},{"start":{"line":50,"column":53},"end":{"line":50,"column":72}}]},"7":{"line":64,"type":"switch","locations":[{"start":{"line":69,"column":4},"end":{"line":70,"column":14}},{"start":{"line":75,"column":4},"end":{"line":76,"column":14}}]},"8":{"line":85,"type":"switch","locations":[{"start":{"line":90,"column":4},"end":{"line":105,"column":14}},{"start":{"line":111,"column":4},"end":{"line":193,"column":14},"skip":true}]},"9":{"line":91,"type":"binary-expr","locations":[{"start":{"line":91,"column":42},"end":{"line":91,"column":73}},{"start":{"line":91,"column":77},"end":{"line":99,"column":9}}]},"10":{"line":102,"type":"binary-expr","locations":[{"start":{"line":102,"column":18},"end":{"line":102,"column":32}},{"start":{"line":103,"column":12},"end":{"line":103,"column":53}},{"start":{"line":104,"column":12},"end":{"line":104,"column":61}}]},"11":{"line":112,"type":"binary-expr","locations":[{"start":{"line":112,"column":45},"end":{"line":112,"column":79},"skip":true},{"start":{"line":112,"column":83},"end":{"line":121,"column":9},"skip":true}]},"12":{"line":123,"type":"binary-expr","locations":[{"start":{"line":123,"column":42},"end":{"line":123,"column":73},"skip":true},{"start":{"line":123,"column":77},"end":{"line":136,"column":9},"skip":true}]},"13":{"line":138,"type":"binary-expr","locations":[{"start":{"line":138,"column":48},"end":{"line":138,"column":85},"skip":true},{"start":{"line":139,"column":12},"end":{"line":145,"column":13},"skip":true}]},"14":{"line":147,"type":"binary-expr","locations":[{"start":{"line":147,"column":42},"end":{"line":147,"column":73},"skip":true},{"start":{"line":147,"column":77},"end":{"line":156,"column":9},"skip":true}]},"15":{"line":158,"type":"binary-expr","locations":[{"start":{"line":158,"column":45},"end":{"line":158,"column":79},"skip":true},{"start":{"line":158,"column":83},"end":{"line":167,"column":9},"skip":true}]},"16":{"line":169,"type":"binary-expr","locations":[{"start":{"line":169,"column":43},"end":{"line":169,"column":75},"skip":true},{"start":{"line":169,"column":79},"end":{"line":178,"column":9},"skip":true}]},"17":{"line":180,"type":"binary-expr","locations":[{"start":{"line":180,"column":41},"end":{"line":180,"column":71},"skip":true},{"start":{"line":180,"column":75},"end":{"line":189,"column":9},"skip":true}]}},"code":["/* istanbul instrument in package npmtest_j */","/*jslint","    bitwise: true,","    browser: true,","    maxerr: 8,","    maxlen: 96,","    node: true,","    nomen: true,","    regexp: true,","    stupid: true","*/","(function () {","    'use strict';","    var local;","","","","    // run shared js-env code - init-before","    (function () {","        // init local","        local = {};","        // init modeJs","        local.modeJs = (function () {","            try {","                return typeof navigator.userAgent === 'string' &&","                    typeof document.querySelector('body') === 'object' &&","                    typeof XMLHttpRequest.prototype.open === 'function' &&","                    'browser';","            } catch (errorCaughtBrowser) {","                return module.exports &&","                    typeof process.versions.node === 'string' &&","                    typeof require('http').createServer === 'function' &&","                    'node';","            }","        }());","        // init global","        local.global = local.modeJs === 'browser'","            ? window","            : global;","        switch (local.modeJs) {","        // re-init local from window.local","        case 'browser':","            local = local.global.utility2.objectSetDefault(","                local.global.utility2_rollup || local.global.local,","                local.global.utility2","            );","            break;","        // re-init local from example.js","        case 'node':","            local = (local.global.utility2_rollup || require('utility2'))","                .requireReadme();","            break;","        }","        // export local","        local.global.local = local;","    }());","","","","    // run shared js-env code - function","    (function () {","        return;","    }());","    switch (local.modeJs) {","","","","    // run browser js-env code - function","    case 'browser':","        break;","","","","    // run node js-env code - function","    case 'node':","        break;","    }","","","","    // run shared js-env code - init-after","    (function () {","        return;","    }());","    switch (local.modeJs) {","","","","    // run browser js-env code - init-after","    case 'browser':","        local.testCase_browser_nullCase = local.testCase_browser_nullCase || function (","            options,","            onError","        ) {","        /*","         * this function will test browsers's null-case handling-behavior-behavior","         */","            onError(null, options);","        };","","        // run tests","        local.nop(local.modeTest &&","            document.querySelector('#testRunButton1') &&","            document.querySelector('#testRunButton1').click());","        break;","","","","    // run node js-env code - init-after","    /* istanbul ignore next */","    case 'node':","        local.testCase_buildApidoc_default = local.testCase_buildApidoc_default || function (","            options,","            onError","        ) {","        /*","         * this function will test buildApidoc's default handling-behavior-behavior","         */","            options = { modulePathList: module.paths };","            local.buildApidoc(options, onError);","        };","","        local.testCase_buildApp_default = local.testCase_buildApp_default || function (","            options,","            onError","        ) {","        /*","         * this function will test buildApp's default handling-behavior-behavior","         */","            local.testCase_buildReadme_default(options, local.onErrorThrow);","            local.testCase_buildLib_default(options, local.onErrorThrow);","            local.testCase_buildTest_default(options, local.onErrorThrow);","            local.testCase_buildCustomOrg_default(options, local.onErrorThrow);","            options = [];","            local.buildApp(options, onError);","        };","","        local.testCase_buildCustomOrg_default = local.testCase_buildCustomOrg_default ||","            function (options, onError) {","            /*","             * this function will test buildCustomOrg's default handling-behavior","             */","                options = {};","                local.buildCustomOrg(options, onError);","            };","","        local.testCase_buildLib_default = local.testCase_buildLib_default || function (","            options,","            onError","        ) {","        /*","         * this function will test buildLib's default handling-behavior","         */","            options = {};","            local.buildLib(options, onError);","        };","","        local.testCase_buildReadme_default = local.testCase_buildReadme_default || function (","            options,","            onError","        ) {","        /*","         * this function will test buildReadme's default handling-behavior-behavior","         */","            options = {};","            local.buildReadme(options, onError);","        };","","        local.testCase_buildTest_default = local.testCase_buildTest_default || function (","            options,","            onError","        ) {","        /*","         * this function will test buildTest's default handling-behavior","         */","            options = {};","            local.buildTest(options, onError);","        };","","        local.testCase_webpage_default = local.testCase_webpage_default || function (","            options,","            onError","        ) {","        /*","         * this function will test webpage's default handling-behavior","         */","            options = { modeCoverageMerge: true, url: local.serverLocalHost + '?modeTest=1' };","            local.browserTest(options, onError);","        };","","        // run test-server","        local.testRunServer(local);","        break;","    }","}());",""],"l":{"12":2,"14":2,"19":2,"21":2,"23":2,"24":2,"25":2,"30":1,"37":2,"40":2,"43":1,"47":1,"50":1,"52":1,"55":2,"61":2,"62":2,"64":2,"70":1,"76":1,"82":2,"83":2,"85":2,"91":1,"98":1,"102":1,"105":1,"112":1,"119":1,"120":1,"123":1,"130":1,"131":1,"132":1,"133":1,"134":1,"135":1,"138":1,"143":2,"144":2,"147":1,"154":2,"155":2,"158":1,"165":2,"166":2,"169":1,"176":2,"177":2,"180":1,"187":1,"188":1,"192":1,"193":1}},"/home/travis/build/npmtest/node-npmtest-j/lib.npmtest_j.js":{"path":"/home/travis/build/npmtest/node-npmtest-j/lib.npmtest_j.js","s":{"1":2,"2":2,"3":2,"4":2,"5":2,"6":2,"7":2,"8":1,"9":2,"10":2,"11":2,"12":2,"13":1,"14":1,"15":1,"16":1},"b":{"1":[2,1,1,1],"2":[1,1,1,1],"3":[1,1],"4":[2,2],"5":[1,1]},"f":{"1":2,"2":2,"3":2},"fnMap":{"1":{"name":"(anonymous_1)","line":12,"loc":{"start":{"line":12,"column":1},"end":{"line":12,"column":13}}},"2":{"name":"(anonymous_2)","line":19,"loc":{"start":{"line":19,"column":5},"end":{"line":19,"column":17}}},"3":{"name":"(anonymous_3)","line":23,"loc":{"start":{"line":23,"column":24},"end":{"line":23,"column":36}}}},"statementMap":{"1":{"start":{"line":12,"column":0},"end":{"line":53,"column":5}},"2":{"start":{"line":14,"column":4},"end":{"line":14,"column":14}},"3":{"start":{"line":19,"column":4},"end":{"line":52,"column":9}},"4":{"start":{"line":21,"column":8},"end":{"line":21,"column":19}},"5":{"start":{"line":23,"column":8},"end":{"line":35,"column":13}},"6":{"start":{"line":24,"column":12},"end":{"line":34,"column":13}},"7":{"start":{"line":25,"column":16},"end":{"line":28,"column":30}},"8":{"start":{"line":30,"column":16},"end":{"line":33,"column":27}},"9":{"start":{"line":37,"column":8},"end":{"line":39,"column":21}},"10":{"start":{"line":41,"column":8},"end":{"line":41,"column":54}},"11":{"start":{"line":43,"column":8},"end":{"line":43,"column":46}},"12":{"start":{"line":45,"column":8},"end":{"line":51,"column":9}},"13":{"start":{"line":46,"column":12},"end":{"line":46,"column":52}},"14":{"start":{"line":48,"column":12},"end":{"line":48,"column":35}},"15":{"start":{"line":49,"column":12},"end":{"line":49,"column":49}},"16":{"start":{"line":50,"column":12},"end":{"line":50,"column":43}}},"branchMap":{"1":{"line":25,"type":"binary-expr","locations":[{"start":{"line":25,"column":23},"end":{"line":25,"column":62}},{"start":{"line":26,"column":20},"end":{"line":26,"column":70}},{"start":{"line":27,"column":20},"end":{"line":27,"column":71}},{"start":{"line":28,"column":20},"end":{"line":28,"column":29}}]},"2":{"line":30,"type":"binary-expr","locations":[{"start":{"line":30,"column":23},"end":{"line":30,"column":37}},{"start":{"line":31,"column":20},"end":{"line":31,"column":61}},{"start":{"line":32,"column":20},"end":{"line":32,"column":70}},{"start":{"line":33,"column":20},"end":{"line":33,"column":26}}]},"3":{"line":37,"type":"cond-expr","locations":[{"start":{"line":38,"column":14},"end":{"line":38,"column":20}},{"start":{"line":39,"column":14},"end":{"line":39,"column":20}}]},"4":{"line":41,"type":"binary-expr","locations":[{"start":{"line":41,"column":16},"end":{"line":41,"column":44}},{"start":{"line":41,"column":48},"end":{"line":41,"column":53}}]},"5":{"line":45,"type":"if","locations":[{"start":{"line":45,"column":8},"end":{"line":45,"column":8}},{"start":{"line":45,"column":8},"end":{"line":45,"column":8}}]}},"code":["/* istanbul instrument in package npmtest_j */","/*jslint","    bitwise: true,","    browser: true,","    maxerr: 8,","    maxlen: 96,","    node: true,","    nomen: true,","    regexp: true,","    stupid: true","*/","(function () {","    'use strict';","    var local;","","","","    // run shared js-env code - init-before","    (function () {","        // init local","        local = {};","        // init modeJs","        local.modeJs = (function () {","            try {","                return typeof navigator.userAgent === 'string' &&","                    typeof document.querySelector('body') === 'object' &&","                    typeof XMLHttpRequest.prototype.open === 'function' &&","                    'browser';","            } catch (errorCaughtBrowser) {","                return module.exports &&","                    typeof process.versions.node === 'string' &&","                    typeof require('http').createServer === 'function' &&","                    'node';","            }","        }());","        // init global","        local.global = local.modeJs === 'browser'","            ? window","            : global;","        // init utility2_rollup","        local = local.global.utility2_rollup || local;","        // init lib","        local.local = local.npmtest_j = local;","        // init exports","        if (local.modeJs === 'browser') {","            local.global.utility2_npmtest_j = local;","        } else {","            module.exports = local;","            module.exports.__dirname = __dirname;","            module.exports.module = module;","        }","    }());","}());",""],"l":{"12":2,"14":2,"19":2,"21":2,"23":2,"24":2,"25":2,"30":1,"37":2,"41":2,"43":2,"45":2,"46":1,"48":1,"49":1,"50":1}},"/home/travis/build/npmtest/node-npmtest-j/example.js":{"path":"/home/travis/build/npmtest/node-npmtest-j/example.js","s":{"1":2,"2":2,"3":2,"4":2,"5":2,"6":2,"7":2,"8":1,"9":2,"10":2,"11":2,"12":2,"13":1,"14":2,"15":2,"16":2,"17":2,"18":2,"19":0,"20":2,"21":1,"22":1,"23":1,"24":1,"25":1,"26":0,"27":0,"28":1,"29":1,"30":2,"31":0,"32":0,"33":0,"34":1,"35":2,"36":2,"37":3,"38":3,"39":3,"40":3,"41":0,"42":3,"43":3,"44":3,"45":1,"46":3,"47":1,"48":1,"49":1,"50":1,"51":1,"52":1,"53":1,"54":1,"55":1,"56":1,"57":0,"58":1,"59":6,"60":6,"61":1,"62":2,"63":0,"64":2,"65":1,"66":1,"67":0,"68":0,"69":0,"70":0,"71":0,"72":0,"73":0,"74":0,"75":0,"76":0,"77":0,"78":0,"79":0,"80":0,"81":0,"82":0,"83":0},"b":{"1":[2,1,1,1],"2":[1,1,1,1],"3":[1,1],"4":[2,2],"5":[1,1],"6":[1,1],"7":[2,0],"8":[2,1,1,1,1,1],"9":[0,2,0],"10":[1,1],"11":[2,1,1],"12":[1,0],"13":[0,2],"14":[2,0,0,0,0,0,0],"15":[0,3],"16":[3,0],"17":[1,1],"18":[0,1],"19":[1,2,0,2],"20":[1,0],"21":[1,1],"22":[0,0],"23":[0,0],"24":[0,0],"25":[0,0],"26":[0,0],"27":[0,0],"28":[0,0]},"f":{"1":2,"2":2,"3":2,"4":2,"5":2,"6":2,"7":3,"8":3,"9":3,"10":1,"11":6,"12":0},"fnMap":{"1":{"name":"(anonymous_1)","line":26,"loc":{"start":{"line":26,"column":1},"end":{"line":26,"column":13}}},"2":{"name":"(anonymous_2)","line":33,"loc":{"start":{"line":33,"column":5},"end":{"line":33,"column":17}}},"3":{"name":"(anonymous_3)","line":37,"loc":{"start":{"line":37,"column":24},"end":{"line":37,"column":36}}},"4":{"name":"(anonymous_4)","line":69,"loc":{"start":{"line":69,"column":31},"end":{"line":69,"column":48}},"skip":true},"5":{"name":"(anonymous_5)","line":78,"loc":{"start":{"line":78,"column":26},"end":{"line":78,"column":45}},"skip":true},"6":{"name":"(anonymous_6)","line":123,"loc":{"start":{"line":123,"column":33},"end":{"line":123,"column":48}},"skip":true},"7":{"name":"(anonymous_7)","line":125,"loc":{"start":{"line":125,"column":27},"end":{"line":125,"column":39}},"skip":true},"8":{"name":"(anonymous_8)","line":133,"loc":{"start":{"line":133,"column":59},"end":{"line":133,"column":74}},"skip":true},"9":{"name":"(anonymous_9)","line":143,"loc":{"start":{"line":143,"column":45},"end":{"line":143,"column":62}},"skip":true},"10":{"name":"(anonymous_10)","line":144,"loc":{"start":{"line":144,"column":73},"end":{"line":144,"column":92}},"skip":true},"11":{"name":"(anonymous_11)","line":272,"loc":{"start":{"line":272,"column":51},"end":{"line":272,"column":77}},"skip":true},"12":{"name":"(anonymous_12)","line":315,"loc":{"start":{"line":315,"column":32},"end":{"line":315,"column":61}},"skip":true}},"statementMap":{"1":{"start":{"line":26,"column":0},"end":{"line":326,"column":5}},"2":{"start":{"line":28,"column":4},"end":{"line":28,"column":14}},"3":{"start":{"line":33,"column":4},"end":{"line":60,"column":9}},"4":{"start":{"line":35,"column":8},"end":{"line":35,"column":19}},"5":{"start":{"line":37,"column":8},"end":{"line":49,"column":13}},"6":{"start":{"line":38,"column":12},"end":{"line":48,"column":13}},"7":{"start":{"line":39,"column":16},"end":{"line":42,"column":30}},"8":{"start":{"line":44,"column":16},"end":{"line":47,"column":27}},"9":{"start":{"line":51,"column":8},"end":{"line":53,"column":21}},"10":{"start":{"line":55,"column":8},"end":{"line":57,"column":45}},"11":{"start":{"line":59,"column":8},"end":{"line":59,"column":35}},"12":{"start":{"line":61,"column":4},"end":{"line":325,"column":5}},"13":{"start":{"line":69,"column":8},"end":{"line":121,"column":10},"skip":true},"14":{"start":{"line":70,"column":12},"end":{"line":88,"column":13},"skip":true},"15":{"start":{"line":76,"column":16},"end":{"line":87,"column":19},"skip":true},"16":{"start":{"line":79,"column":20},"end":{"line":86,"column":21},"skip":true},"17":{"start":{"line":82,"column":24},"end":{"line":82,"column":43},"skip":true},"18":{"start":{"line":83,"column":24},"end":{"line":83,"column":30},"skip":true},"19":{"start":{"line":85,"column":24},"end":{"line":85,"column":49},"skip":true},"20":{"start":{"line":89,"column":12},"end":{"line":107,"column":13},"skip":true},"21":{"start":{"line":92,"column":16},"end":{"line":102,"column":17},"skip":true},"22":{"start":{"line":93,"column":20},"end":{"line":93,"column":86},"skip":true},"23":{"start":{"line":94,"column":20},"end":{"line":95,"column":45},"skip":true},"24":{"start":{"line":96,"column":20},"end":{"line":96,"column":42},"skip":true},"25":{"start":{"line":97,"column":20},"end":{"line":97,"column":48},"skip":true},"26":{"start":{"line":100,"column":20},"end":{"line":100,"column":85},"skip":true},"27":{"start":{"line":101,"column":20},"end":{"line":101,"column":96},"skip":true},"28":{"start":{"line":103,"column":16},"end":{"line":103,"column":22},"skip":true},"29":{"start":{"line":106,"column":16},"end":{"line":106,"column":22},"skip":true},"30":{"start":{"line":108,"column":12},"end":{"line":120,"column":13},"skip":true},"31":{"start":{"line":114,"column":16},"end":{"line":119,"column":17},"skip":true},"32":{"start":{"line":116,"column":20},"end":{"line":116,"column":78},"skip":true},"33":{"start":{"line":118,"column":20},"end":{"line":118,"column":47},"skip":true},"34":{"start":{"line":123,"column":8},"end":{"line":141,"column":11},"skip":true},"35":{"start":{"line":124,"column":12},"end":{"line":124,"column":54},"skip":true},"36":{"start":{"line":125,"column":12},"end":{"line":140,"column":14},"skip":true},"37":{"start":{"line":126,"column":16},"end":{"line":126,"column":28},"skip":true},"38":{"start":{"line":127,"column":16},"end":{"line":127,"column":69},"skip":true},"39":{"start":{"line":128,"column":16},"end":{"line":128,"column":75},"skip":true},"40":{"start":{"line":129,"column":16},"end":{"line":131,"column":17},"skip":true},"41":{"start":{"line":130,"column":20},"end":{"line":130,"column":27},"skip":true},"42":{"start":{"line":133,"column":16},"end":{"line":137,"column":36},"skip":true},"43":{"start":{"line":134,"column":20},"end":{"line":136,"column":55},"skip":true},"44":{"start":{"line":139,"column":16},"end":{"line":139,"column":57},"skip":true},"45":{"start":{"line":143,"column":8},"end":{"line":147,"column":11},"skip":true},"46":{"start":{"line":144,"column":12},"end":{"line":146,"column":15},"skip":true},"47":{"start":{"line":145,"column":16},"end":{"line":145,"column":70},"skip":true},"48":{"start":{"line":149,"column":8},"end":{"line":149,"column":31},"skip":true},"49":{"start":{"line":150,"column":8},"end":{"line":150,"column":14},"skip":true},"50":{"start":{"line":158,"column":8},"end":{"line":158,"column":31},"skip":true},"51":{"start":{"line":160,"column":8},"end":{"line":160,"column":33},"skip":true},"52":{"start":{"line":161,"column":8},"end":{"line":161,"column":37},"skip":true},"53":{"start":{"line":162,"column":8},"end":{"line":162,"column":35},"skip":true},"54":{"start":{"line":164,"column":8},"end":{"line":164,"column":50},"skip":true},"55":{"start":{"line":166,"column":8},"end":{"line":256,"column":2},"skip":true},"56":{"start":{"line":258,"column":8},"end":{"line":286,"column":9},"skip":true},"57":{"start":{"line":259,"column":12},"end":{"line":269,"column":14},"skip":true},"58":{"start":{"line":271,"column":12},"end":{"line":285,"column":19},"skip":true},"59":{"start":{"line":274,"column":20},"end":{"line":274,"column":35},"skip":true},"60":{"start":{"line":275,"column":20},"end":{"line":284,"column":21},"skip":true},"61":{"start":{"line":277,"column":24},"end":{"line":277,"column":64},"skip":true},"62":{"start":{"line":279,"column":24},"end":{"line":279,"column":40},"skip":true},"63":{"start":{"line":281,"column":24},"end":{"line":281,"column":40},"skip":true},"64":{"start":{"line":283,"column":24},"end":{"line":283,"column":39},"skip":true},"65":{"start":{"line":288,"column":8},"end":{"line":290,"column":9},"skip":true},"66":{"start":{"line":289,"column":12},"end":{"line":289,"column":18},"skip":true},"67":{"start":{"line":291,"column":8},"end":{"line":293,"column":54},"skip":true},"68":{"start":{"line":296,"column":8},"end":{"line":301,"column":37},"skip":true},"69":{"start":{"line":303,"column":8},"end":{"line":303,"column":82},"skip":true},"70":{"start":{"line":306,"column":8},"end":{"line":308,"column":9},"skip":true},"71":{"start":{"line":307,"column":12},"end":{"line":307,"column":82},"skip":true},"72":{"start":{"line":310,"column":8},"end":{"line":312,"column":9},"skip":true},"73":{"start":{"line":311,"column":12},"end":{"line":311,"column":18},"skip":true},"74":{"start":{"line":313,"column":8},"end":{"line":313,"column":54},"skip":true},"75":{"start":{"line":314,"column":8},"end":{"line":314,"column":69},"skip":true},"76":{"start":{"line":315,"column":8},"end":{"line":323,"column":36},"skip":true},"77":{"start":{"line":316,"column":12},"end":{"line":316,"column":61},"skip":true},"78":{"start":{"line":317,"column":12},"end":{"line":320,"column":13},"skip":true},"79":{"start":{"line":318,"column":16},"end":{"line":318,"column":75},"skip":true},"80":{"start":{"line":319,"column":16},"end":{"line":319,"column":23},"skip":true},"81":{"start":{"line":321,"column":12},"end":{"line":321,"column":38},"skip":true},"82":{"start":{"line":322,"column":12},"end":{"line":322,"column":27},"skip":true},"83":{"start":{"line":324,"column":8},"end":{"line":324,"column":14},"skip":true}},"branchMap":{"1":{"line":39,"type":"binary-expr","locations":[{"start":{"line":39,"column":23},"end":{"line":39,"column":62}},{"start":{"line":40,"column":20},"end":{"line":40,"column":70}},{"start":{"line":41,"column":20},"end":{"line":41,"column":71}},{"start":{"line":42,"column":20},"end":{"line":42,"column":29}}]},"2":{"line":44,"type":"binary-expr","locations":[{"start":{"line":44,"column":23},"end":{"line":44,"column":37}},{"start":{"line":45,"column":20},"end":{"line":45,"column":61}},{"start":{"line":46,"column":20},"end":{"line":46,"column":70}},{"start":{"line":47,"column":20},"end":{"line":47,"column":26}}]},"3":{"line":51,"type":"cond-expr","locations":[{"start":{"line":52,"column":14},"end":{"line":52,"column":20}},{"start":{"line":53,"column":14},"end":{"line":53,"column":20}}]},"4":{"line":55,"type":"binary-expr","locations":[{"start":{"line":55,"column":16},"end":{"line":55,"column":44}},{"start":{"line":55,"column":49},"end":{"line":57,"column":43}}]},"5":{"line":55,"type":"cond-expr","locations":[{"start":{"line":56,"column":14},"end":{"line":56,"column":45}},{"start":{"line":57,"column":14},"end":{"line":57,"column":43}}]},"6":{"line":61,"type":"switch","locations":[{"start":{"line":68,"column":4},"end":{"line":150,"column":14},"skip":true},{"start":{"line":156,"column":4},"end":{"line":324,"column":14},"skip":true}]},"7":{"line":70,"type":"if","locations":[{"start":{"line":70,"column":12},"end":{"line":70,"column":12},"skip":true},{"start":{"line":70,"column":12},"end":{"line":70,"column":12},"skip":true}]},"8":{"line":70,"type":"binary-expr","locations":[{"start":{"line":70,"column":16},"end":{"line":70,"column":22},"skip":true},{"start":{"line":70,"column":27},"end":{"line":70,"column":32},"skip":true},{"start":{"line":71,"column":20},"end":{"line":71,"column":39},"skip":true},{"start":{"line":72,"column":20},"end":{"line":72,"column":49},"skip":true},{"start":{"line":73,"column":20},"end":{"line":73,"column":58},"skip":true},{"start":{"line":74,"column":20},"end":{"line":74,"column":69},"skip":true}]},"9":{"line":79,"type":"switch","locations":[{"start":{"line":80,"column":20},"end":{"line":80,"column":33},"skip":true},{"start":{"line":81,"column":20},"end":{"line":83,"column":30},"skip":true},{"start":{"line":84,"column":20},"end":{"line":85,"column":49},"skip":true}]},"10":{"line":89,"type":"switch","locations":[{"start":{"line":90,"column":12},"end":{"line":103,"column":22},"skip":true},{"start":{"line":105,"column":12},"end":{"line":106,"column":22},"skip":true}]},"11":{"line":89,"type":"binary-expr","locations":[{"start":{"line":89,"column":20},"end":{"line":89,"column":25},"skip":true},{"start":{"line":89,"column":29},"end":{"line":89,"column":48},"skip":true},{"start":{"line":89,"column":52},"end":{"line":89,"column":74},"skip":true}]},"12":{"line":92,"type":"if","locations":[{"start":{"line":92,"column":16},"end":{"line":92,"column":16},"skip":true},{"start":{"line":92,"column":16},"end":{"line":92,"column":16},"skip":true}]},"13":{"line":108,"type":"if","locations":[{"start":{"line":108,"column":12},"end":{"line":108,"column":12},"skip":true},{"start":{"line":108,"column":12},"end":{"line":108,"column":12},"skip":true}]},"14":{"line":108,"type":"binary-expr","locations":[{"start":{"line":108,"column":16},"end":{"line":108,"column":61},"skip":true},{"start":{"line":108,"column":66},"end":{"line":108,"column":72},"skip":true},{"start":{"line":108,"column":77},"end":{"line":108,"column":82},"skip":true},{"start":{"line":109,"column":20},"end":{"line":109,"column":39},"skip":true},{"start":{"line":110,"column":20},"end":{"line":110,"column":49},"skip":true},{"start":{"line":111,"column":20},"end":{"line":111,"column":58},"skip":true},{"start":{"line":112,"column":20},"end":{"line":112,"column":68},"skip":true}]},"15":{"line":129,"type":"if","locations":[{"start":{"line":129,"column":16},"end":{"line":129,"column":16},"skip":true},{"start":{"line":129,"column":16},"end":{"line":129,"column":16},"skip":true}]},"16":{"line":134,"type":"cond-expr","locations":[{"start":{"line":135,"column":26},"end":{"line":135,"column":29},"skip":true},{"start":{"line":136,"column":26},"end":{"line":136,"column":54},"skip":true}]},"17":{"line":164,"type":"binary-expr","locations":[{"start":{"line":164,"column":27},"end":{"line":164,"column":43},"skip":true},{"start":{"line":164,"column":47},"end":{"line":164,"column":49},"skip":true}]},"18":{"line":258,"type":"if","locations":[{"start":{"line":258,"column":8},"end":{"line":258,"column":8},"skip":true},{"start":{"line":258,"column":8},"end":{"line":258,"column":8},"skip":true}]},"19":{"line":275,"type":"switch","locations":[{"start":{"line":276,"column":20},"end":{"line":277,"column":64},"skip":true},{"start":{"line":278,"column":20},"end":{"line":279,"column":40},"skip":true},{"start":{"line":280,"column":20},"end":{"line":281,"column":40},"skip":true},{"start":{"line":282,"column":20},"end":{"line":283,"column":39},"skip":true}]},"20":{"line":288,"type":"if","locations":[{"start":{"line":288,"column":8},"end":{"line":288,"column":8},"skip":true},{"start":{"line":288,"column":8},"end":{"line":288,"column":8},"skip":true}]},"21":{"line":288,"type":"binary-expr","locations":[{"start":{"line":288,"column":12},"end":{"line":288,"column":40},"skip":true},{"start":{"line":288,"column":44},"end":{"line":288,"column":67},"skip":true}]},"22":{"line":292,"type":"binary-expr","locations":[{"start":{"line":292,"column":12},"end":{"line":292,"column":50},"skip":true},{"start":{"line":293,"column":12},"end":{"line":293,"column":53},"skip":true}]},"23":{"line":297,"type":"binary-expr","locations":[{"start":{"line":297,"column":12},"end":{"line":297,"column":59},"skip":true},{"start":{"line":298,"column":12},"end":{"line":301,"column":36},"skip":true}]},"24":{"line":303,"type":"binary-expr","locations":[{"start":{"line":303,"column":43},"end":{"line":303,"column":75},"skip":true},{"start":{"line":303,"column":79},"end":{"line":303,"column":81},"skip":true}]},"25":{"line":306,"type":"if","locations":[{"start":{"line":306,"column":8},"end":{"line":306,"column":8},"skip":true},{"start":{"line":306,"column":8},"end":{"line":306,"column":8},"skip":true}]},"26":{"line":310,"type":"if","locations":[{"start":{"line":310,"column":8},"end":{"line":310,"column":8},"skip":true},{"start":{"line":310,"column":8},"end":{"line":310,"column":8},"skip":true}]},"27":{"line":313,"type":"binary-expr","locations":[{"start":{"line":313,"column":27},"end":{"line":313,"column":43},"skip":true},{"start":{"line":313,"column":47},"end":{"line":313,"column":53},"skip":true}]},"28":{"line":317,"type":"if","locations":[{"start":{"line":317,"column":12},"end":{"line":317,"column":12},"skip":true},{"start":{"line":317,"column":12},"end":{"line":317,"column":12},"skip":true}]}},"code":["/*","example.js","","quickstart example","","instruction","    1. save this script as example.js","    2. run the shell command:","        $ npm install npmtest-j && PORT=8081 node example.js","    3. play with the browser-demo on http://127.0.0.1:8081","*/","","","","/* istanbul instrument in package npmtest_j */","/*jslint","    bitwise: true,","    browser: true,","    maxerr: 8,","    maxlen: 96,","    node: true,","    nomen: true,","    regexp: true,","    stupid: true","*/","(function () {","    'use strict';","    var local;","","","","    // run shared js-env code - init-before","    (function () {","        // init local","        local = {};","        // init modeJs","        local.modeJs = (function () {","            try {","                return typeof navigator.userAgent === 'string' &&","                    typeof document.querySelector('body') === 'object' &&","                    typeof XMLHttpRequest.prototype.open === 'function' &&","                    'browser';","            } catch (errorCaughtBrowser) {","                return module.exports &&","                    typeof process.versions.node === 'string' &&","                    typeof require('http').createServer === 'function' &&","                    'node';","            }","        }());","        // init global","        local.global = local.modeJs === 'browser'","            ? window","            : global;","        // init utility2_rollup","        local = local.global.utility2_rollup || (local.modeJs === 'browser'","            ? local.global.utility2_npmtest_j","            : global.utility2_moduleExports);","        // export local","        local.global.local = local;","    }());","    switch (local.modeJs) {","","","","    // init-after","    // run browser js-env code - init-after","    /* istanbul ignore next */","    case 'browser':","        local.testRunBrowser = function (event) {","            if (!event || (event &&","                    event.currentTarget &&","                    event.currentTarget.className &&","                    event.currentTarget.className.includes &&","                    event.currentTarget.className.includes('onreset'))) {","                // reset output","                Array.from(","                    document.querySelectorAll('body > .resettable')","                ).forEach(function (element) {","                    switch (element.tagName) {","                    case 'INPUT':","                    case 'TEXTAREA':","                        element.value = '';","                        break;","                    default:","                        element.textContent = '';","                    }","                });","            }","            switch (event && event.currentTarget && event.currentTarget.id) {","            case 'testRunButton1':","                // show tests","                if (document.querySelector('#testReportDiv1').style.display === 'none') {","                    document.querySelector('#testReportDiv1').style.display = 'block';","                    document.querySelector('#testRunButton1').textContent =","                        'hide internal test';","                    local.modeTest = true;","                    local.testRunDefault(local);","                // hide tests","                } else {","                    document.querySelector('#testReportDiv1').style.display = 'none';","                    document.querySelector('#testRunButton1').textContent = 'run internal test';","                }","                break;","            // custom-case","            default:","                break;","            }","            if (document.querySelector('#inputTextareaEval1') && (!event || (event &&","                    event.currentTarget &&","                    event.currentTarget.className &&","                    event.currentTarget.className.includes &&","                    event.currentTarget.className.includes('oneval')))) {","                // try to eval input-code","                try {","                    /*jslint evil: true*/","                    eval(document.querySelector('#inputTextareaEval1').value);","                } catch (errorCaught) {","                    console.error(errorCaught);","                }","            }","        };","        // log stderr and stdout to #outputTextareaStdout1","        ['error', 'log'].forEach(function (key) {","            console[key + '_original'] = console[key];","            console[key] = function () {","                var element;","                console[key + '_original'].apply(console, arguments);","                element = document.querySelector('#outputTextareaStdout1');","                if (!element) {","                    return;","                }","                // append text to #outputTextareaStdout1","                element.value += Array.from(arguments).map(function (arg) {","                    return typeof arg === 'string'","                        ? arg","                        : JSON.stringify(arg, null, 4);","                }).join(' ') + '\\n';","                // scroll textarea to bottom","                element.scrollTop = element.scrollHeight;","            };","        });","        // init event-handling","        ['change', 'click', 'keyup'].forEach(function (event) {","            Array.from(document.querySelectorAll('.on' + event)).forEach(function (element) {","                element.addEventListener(event, local.testRunBrowser);","            });","        });","        // run tests","        local.testRunBrowser();","        break;","","","","    // run node js-env code - init-after","    /* istanbul ignore next */","    case 'node':","        // export local","        module.exports = local;","        // require modules","        local.fs = require('fs');","        local.http = require('http');","        local.url = require('url');","        // init assets","        local.assetsDict = local.assetsDict || {};","        /* jslint-ignore-begin */","        local.assetsDict['/assets.index.template.html'] = '\\","<!doctype html>\\n\\","<html lang=\"en\">\\n\\","<head>\\n\\","<meta charset=\"UTF-8\">\\n\\","<meta name=\"viewport\" content=\"width=device-width, initial-scale=1\">\\n\\","<title>{{env.npm_package_name}} (v{{env.npm_package_version}})</title>\\n\\","<style>\\n\\","/*csslint\\n\\","    box-sizing: false,\\n\\","    universal-selector: false\\n\\","*/\\n\\","* {\\n\\","    box-sizing: border-box;\\n\\","}\\n\\","body {\\n\\","    background: #dde;\\n\\","    font-family: Arial, Helvetica, sans-serif;\\n\\","    margin: 2rem;\\n\\","}\\n\\","body > * {\\n\\","    margin-bottom: 1rem;\\n\\","}\\n\\",".utility2FooterDiv {\\n\\","    margin-top: 20px;\\n\\","    text-align: center;\\n\\","}\\n\\","</style>\\n\\","<style>\\n\\","/*csslint\\n\\","*/\\n\\","textarea {\\n\\","    font-family: monospace;\\n\\","    height: 10rem;\\n\\","    width: 100%;\\n\\","}\\n\\","textarea[readonly] {\\n\\","    background: #ddd;\\n\\","}\\n\\","</style>\\n\\","</head>\\n\\","<body>\\n\\","<!-- utility2-comment\\n\\","<div id=\"ajaxProgressDiv1\" style=\"background: #d00; height: 2px; left: 0; margin: 0; padding: 0; position: fixed; top: 0; transition: background 0.5s, width 1.5s; width: 25%;\"></div>\\n\\","utility2-comment -->\\n\\","<h1>\\n\\","<!-- utility2-comment\\n\\","    <a\\n\\","        {{#if env.npm_package_homepage}}\\n\\","        href=\"{{env.npm_package_homepage}}\"\\n\\","        {{/if env.npm_package_homepage}}\\n\\","        target=\"_blank\"\\n\\","    >\\n\\","utility2-comment -->\\n\\","        {{env.npm_package_name}} (v{{env.npm_package_version}})\\n\\","<!-- utility2-comment\\n\\","    </a>\\n\\","utility2-comment -->\\n\\","</h1>\\n\\","<h3>{{env.npm_package_description}}</h3>\\n\\","<!-- utility2-comment\\n\\","<h4><a download href=\"assets.app.js\">download standalone app</a></h4>\\n\\","<button class=\"onclick onreset\" id=\"testRunButton1\">run internal test</button><br>\\n\\","<div id=\"testReportDiv1\" style=\"display: none;\"></div>\\n\\","utility2-comment -->\\n\\","\\n\\","\\n\\","\\n\\","<label>stderr and stdout</label>\\n\\","<textarea class=\"resettable\" id=\"outputTextareaStdout1\" readonly></textarea>\\n\\","<!-- utility2-comment\\n\\","{{#if isRollup}}\\n\\","<script src=\"assets.app.js\"></script>\\n\\","{{#unless isRollup}}\\n\\","utility2-comment -->\\n\\","<script src=\"assets.utility2.rollup.js\"></script>\\n\\","<script src=\"jsonp.utility2._stateInit?callback=window.utility2._stateInit\"></script>\\n\\","<script src=\"assets.npmtest_j.rollup.js\"></script>\\n\\","<script src=\"assets.example.js\"></script>\\n\\","<script src=\"assets.test.js\"></script>\\n\\","<!-- utility2-comment\\n\\","{{/if isRollup}}\\n\\","utility2-comment -->\\n\\","<div class=\"utility2FooterDiv\">\\n\\","    [ this app was created with\\n\\","    <a href=\"https://github.com/kaizhu256/node-utility2\" target=\"_blank\">utility2</a>\\n\\","    ]\\n\\","</div>\\n\\","</body>\\n\\","</html>\\n\\","';","        /* jslint-ignore-end */","        if (local.templateRender) {","            local.assetsDict['/'] = local.templateRender(","                local.assetsDict['/assets.index.template.html'],","                {","                    env: local.objectSetDefault(local.env, {","                        npm_package_description: 'the greatest app in the world!',","                        npm_package_name: 'my-app',","                        npm_package_nameAlias: 'my_app',","                        npm_package_version: '0.0.1'","                    })","                }","            );","        } else {","            local.assetsDict['/'] = local.assetsDict['/assets.index.template.html']","                .replace((/\\{\\{env\\.(\\w+?)\\}\\}/g), function (match0, match1) {","                    // jslint-hack","                    String(match0);","                    switch (match1) {","                    case 'npm_package_description':","                        return 'the greatest app in the world!';","                    case 'npm_package_name':","                        return 'my-app';","                    case 'npm_package_nameAlias':","                        return 'my_app';","                    case 'npm_package_version':","                        return '0.0.1';","                    }","                });","        }","        // run the cli","        if (local.global.utility2_rollup || module !== require.main) {","            break;","        }","        local.assetsDict['/assets.example.js'] =","            local.assetsDict['/assets.example.js'] ||","            local.fs.readFileSync(__filename, 'utf8');","        // bug-workaround - long $npm_package_buildCustomOrg","        /* jslint-ignore-begin */","        local.assetsDict['/assets.npmtest_j.rollup.js'] =","            local.assetsDict['/assets.npmtest_j.rollup.js'] ||","            local.fs.readFileSync(","                local.npmtest_j.__dirname + '/lib.npmtest_j.js',","                'utf8'","            ).replace((/^#!/), '//');","        /* jslint-ignore-end */","        local.assetsDict['/favicon.ico'] = local.assetsDict['/favicon.ico'] || '';","        // if $npm_config_timeout_exit exists,","        // then exit this process after $npm_config_timeout_exit ms","        if (Number(process.env.npm_config_timeout_exit)) {","            setTimeout(process.exit, Number(process.env.npm_config_timeout_exit));","        }","        // start server","        if (local.global.utility2_serverHttp1) {","            break;","        }","        process.env.PORT = process.env.PORT || '8081';","        console.error('server starting on port ' + process.env.PORT);","        local.http.createServer(function (request, response) {","            request.urlParsed = local.url.parse(request.url);","            if (local.assetsDict[request.urlParsed.pathname] !== undefined) {","                response.end(local.assetsDict[request.urlParsed.pathname]);","                return;","            }","            response.statusCode = 404;","            response.end();","        }).listen(process.env.PORT);","        break;","    }","}());",""],"l":{"26":2,"28":2,"33":2,"35":2,"37":2,"38":2,"39":2,"44":1,"51":2,"55":2,"59":2,"61":2,"69":1,"70":2,"76":2,"79":2,"82":2,"83":2,"85":1,"89":2,"92":1,"93":1,"94":1,"96":1,"97":1,"100":1,"101":1,"103":1,"106":1,"108":2,"114":1,"116":1,"118":1,"123":1,"124":2,"125":2,"126":3,"127":3,"128":3,"129":3,"130":1,"133":3,"134":3,"139":3,"143":1,"144":3,"145":1,"149":1,"150":1,"158":1,"160":1,"161":1,"162":1,"164":1,"166":1,"258":1,"259":1,"271":1,"274":6,"275":6,"277":1,"279":2,"281":1,"283":2,"288":1,"289":1,"291":1,"296":1,"303":1,"306":1,"307":1,"310":1,"311":1,"313":1,"314":1,"315":1,"316":1,"317":1,"318":1,"319":1,"321":1,"322":1,"324":1}},"/home/travis/build/npmtest/node-npmtest-j/node_modules/j/j.js":{"path":"/home/travis/build/npmtest/node-npmtest-j/node_modules/j/j.js","s":{"1":1,"2":1,"3":1,"4":1,"5":1,"6":1,"7":1,"8":0,"9":0,"10":0,"11":0,"12":0,"13":0,"14":1,"15":0,"16":0,"17":0,"18":0,"19":1,"20":0,"21":0,"22":0,"23":1,"24":0,"25":0,"26":0,"27":0,"28":0,"29":0,"30":0,"31":0,"32":0,"33":1,"34":0,"35":0,"36":0,"37":0,"38":0,"39":0,"40":0,"41":0,"42":0,"43":1,"44":0,"45":0,"46":0,"47":0,"48":0,"49":0,"50":0,"51":0,"52":0,"53":1,"54":0,"55":0,"56":0,"57":0,"58":0,"59":0,"60":0,"61":0,"62":0,"63":0,"64":0,"65":0,"66":0,"67":1,"68":0,"69":0,"70":0,"71":0,"72":0,"73":0,"74":0,"75":0,"76":0,"77":0,"78":0,"79":0,"80":0,"81":0,"82":0,"83":0,"84":0,"85":0,"86":0,"87":0,"88":0,"89":0,"90":0,"91":0,"92":0,"93":0,"94":0,"95":0,"96":0,"97":0,"98":1,"99":0,"100":0,"101":0,"102":0,"103":0,"104":0,"105":0,"106":0,"107":0,"108":0,"109":0,"110":0,"111":0,"112":0,"113":0,"114":0,"115":0,"116":0,"117":0,"118":0,"119":0,"120":0,"121":1,"122":0,"123":0,"124":0,"125":0,"126":0,"127":0,"128":0,"129":0,"130":0,"131":0,"132":0,"133":0,"134":0,"135":0,"136":0,"137":0,"138":0,"139":0,"140":0,"141":1,"142":1,"143":1,"144":1,"145":5,"146":5,"147":1,"148":1,"149":1,"150":1,"151":0,"152":0,"153":0,"154":0,"155":1,"156":1,"157":0,"158":0,"159":0,"160":0,"161":0,"162":0,"163":0,"164":0,"165":0,"166":0,"167":0,"168":0,"169":0,"170":0,"171":0,"172":1,"173":6,"174":0,"175":0,"176":0,"177":0,"178":0,"179":0,"180":0,"181":1,"182":1,"183":1,"184":1,"185":1,"186":1,"187":1,"188":3,"189":0,"190":0,"191":0,"192":0,"193":0,"194":0,"195":1,"196":1,"197":1,"198":1,"199":3,"200":1,"201":1,"202":1,"203":1},"b":{"1":[0,0,0,0,0],"2":[0,0,0],"3":[0,0],"4":[0,0],"5":[0,0],"6":[0,0],"7":[0,0],"8":[0,0],"9":[0,0],"10":[0,0],"11":[0,0],"12":[0,0],"13":[0,0],"14":[0,0],"15":[0,0],"16":[0,0],"17":[0,0],"18":[0,0],"19":[0,0],"20":[0,0],"21":[0,0],"22":[0,0],"23":[0,0],"24":[0,0],"25":[0,0],"26":[0,0],"27":[0,0],"28":[0,0],"29":[0,0],"30":[0,0],"31":[0,0],"32":[0,0],"33":[0,0],"34":[0,0],"35":[0,0],"36":[0,0],"37":[0,0],"38":[0,0],"39":[5,0],"40":[0,0],"41":[0,0],"42":[0,0],"43":[0,0],"44":[0,0],"45":[1,0]},"f":{"1":0,"2":0,"3":0,"4":0,"5":0,"6":0,"7":0,"8":0,"9":0,"10":0,"11":0,"12":0,"13":0,"14":0,"15":0,"16":0,"17":0,"18":0,"19":0,"20":1,"21":5,"22":0,"23":0,"24":0,"25":0,"26":0,"27":6,"28":0,"29":3,"30":0,"31":0,"32":3},"fnMap":{"1":{"name":"(anonymous_1)","line":17,"loc":{"start":{"line":17,"column":14},"end":{"line":17,"column":26}}},"2":{"name":"(anonymous_2)","line":31,"loc":{"start":{"line":31,"column":19},"end":{"line":31,"column":47}}},"3":{"name":"(anonymous_3)","line":37,"loc":{"start":{"line":37,"column":11},"end":{"line":37,"column":35}}},"4":{"name":"to_formulae","line":42,"loc":{"start":{"line":42,"column":0},"end":{"line":42,"column":24}}},"5":{"name":"(anonymous_5)","line":46,"loc":{"start":{"line":46,"column":29},"end":{"line":46,"column":49}}},"6":{"name":"to_json","line":53,"loc":{"start":{"line":53,"column":0},"end":{"line":53,"column":25}}},"7":{"name":"(anonymous_7)","line":57,"loc":{"start":{"line":57,"column":29},"end":{"line":57,"column":49}}},"8":{"name":"to_dsv","line":64,"loc":{"start":{"line":64,"column":0},"end":{"line":64,"column":27}}},"9":{"name":"(anonymous_9)","line":68,"loc":{"start":{"line":68,"column":29},"end":{"line":68,"column":49}}},"10":{"name":"get_cols","line":75,"loc":{"start":{"line":75,"column":0},"end":{"line":75,"column":29}}},"11":{"name":"to_md","line":89,"loc":{"start":{"line":89,"column":0},"end":{"line":89,"column":18}}},"12":{"name":"(anonymous_12)","line":93,"loc":{"start":{"line":93,"column":23},"end":{"line":93,"column":39}}},"13":{"name":"to_html","line":125,"loc":{"start":{"line":125,"column":0},"end":{"line":125,"column":20}}},"14":{"name":"(anonymous_14)","line":129,"loc":{"start":{"line":129,"column":23},"end":{"line":129,"column":39}}},"15":{"name":"to_html_cols","line":151,"loc":{"start":{"line":151,"column":0},"end":{"line":151,"column":25}}},"16":{"name":"(anonymous_16)","line":155,"loc":{"start":{"line":155,"column":23},"end":{"line":155,"column":39}}},"17":{"name":"(anonymous_17)","line":160,"loc":{"start":{"line":160,"column":15},"end":{"line":160,"column":27}}},"18":{"name":"(anonymous_18)","line":162,"loc":{"start":{"line":162,"column":28},"end":{"line":162,"column":42}}},"19":{"name":"(anonymous_19)","line":164,"loc":{"start":{"line":164,"column":16},"end":{"line":164,"column":28}}},"20":{"name":"evert","line":180,"loc":{"start":{"line":180,"column":0},"end":{"line":180,"column":20}}},"21":{"name":"(anonymous_21)","line":182,"loc":{"start":{"line":182,"column":26},"end":{"line":182,"column":38}}},"22":{"name":"escapexml","line":187,"loc":{"start":{"line":187,"column":0},"end":{"line":187,"column":24}}},"23":{"name":"(anonymous_23)","line":189,"loc":{"start":{"line":189,"column":17},"end":{"line":189,"column":28}}},"24":{"name":"to_xml","line":194,"loc":{"start":{"line":194,"column":0},"end":{"line":194,"column":19}}},"25":{"name":"(anonymous_25)","line":197,"loc":{"start":{"line":197,"column":25},"end":{"line":197,"column":41}}},"26":{"name":"(anonymous_26)","line":201,"loc":{"start":{"line":201,"column":19},"end":{"line":201,"column":31}}},"27":{"name":"to_xlsx_factory","line":212,"loc":{"start":{"line":212,"column":0},"end":{"line":212,"column":28}}},"28":{"name":"(anonymous_28)","line":213,"loc":{"start":{"line":213,"column":8},"end":{"line":213,"column":23}}},"29":{"name":"to_harb_factory","line":228,"loc":{"start":{"line":228,"column":0},"end":{"line":228,"column":28}}},"30":{"name":"(anonymous_30)","line":229,"loc":{"start":{"line":229,"column":8},"end":{"line":229,"column":21}}},"31":{"name":"(anonymous_31)","line":232,"loc":{"start":{"line":232,"column":30},"end":{"line":232,"column":50}}},"32":{"name":"(anonymous_32)","line":245,"loc":{"start":{"line":245,"column":23},"end":{"line":245,"column":35}}}},"statementMap":{"1":{"start":{"line":4,"column":0},"end":{"line":4,"column":27}},"2":{"start":{"line":5,"column":0},"end":{"line":5,"column":15}},"3":{"start":{"line":6,"column":0},"end":{"line":6,"column":27}},"4":{"start":{"line":7,"column":0},"end":{"line":7,"column":23}},"5":{"start":{"line":9,"column":0},"end":{"line":13,"column":2}},"6":{"start":{"line":15,"column":0},"end":{"line":15,"column":23}},"7":{"start":{"line":17,"column":0},"end":{"line":30,"column":1}},"8":{"start":{"line":18,"column":1},"end":{"line":29,"column":2}},"9":{"start":{"line":20,"column":13},"end":{"line":20,"column":25}},"10":{"start":{"line":22,"column":13},"end":{"line":22,"column":25}},"11":{"start":{"line":24,"column":13},"end":{"line":24,"column":25}},"12":{"start":{"line":26,"column":13},"end":{"line":26,"column":67}},"13":{"start":{"line":28,"column":11},"end":{"line":28,"column":24}},"14":{"start":{"line":31,"column":0},"end":{"line":35,"column":2}},"15":{"start":{"line":32,"column":1},"end":{"line":32,"column":35}},"16":{"start":{"line":33,"column":1},"end":{"line":34,"column":54}},"17":{"start":{"line":33,"column":16},"end":{"line":33,"column":64}},"18":{"start":{"line":34,"column":6},"end":{"line":34,"column":54}},"19":{"start":{"line":37,"column":0},"end":{"line":40,"column":2}},"20":{"start":{"line":38,"column":1},"end":{"line":39,"column":57}},"21":{"start":{"line":38,"column":19},"end":{"line":38,"column":59}},"22":{"start":{"line":39,"column":6},"end":{"line":39,"column":57}},"23":{"start":{"line":42,"column":0},"end":{"line":51,"column":1}},"24":{"start":{"line":43,"column":1},"end":{"line":43,"column":32}},"25":{"start":{"line":44,"column":1},"end":{"line":44,"column":38}},"26":{"start":{"line":44,"column":28},"end":{"line":44,"column":38}},"27":{"start":{"line":45,"column":1},"end":{"line":45,"column":17}},"28":{"start":{"line":46,"column":1},"end":{"line":49,"column":4}},"29":{"start":{"line":47,"column":2},"end":{"line":47,"column":60}},"30":{"start":{"line":48,"column":2},"end":{"line":48,"column":41}},"31":{"start":{"line":48,"column":19},"end":{"line":48,"column":41}},"32":{"start":{"line":50,"column":1},"end":{"line":50,"column":15}},"33":{"start":{"line":53,"column":0},"end":{"line":62,"column":1}},"34":{"start":{"line":54,"column":1},"end":{"line":54,"column":32}},"35":{"start":{"line":55,"column":1},"end":{"line":55,"column":51}},"36":{"start":{"line":55,"column":41},"end":{"line":55,"column":51}},"37":{"start":{"line":56,"column":1},"end":{"line":56,"column":17}},"38":{"start":{"line":57,"column":1},"end":{"line":60,"column":4}},"39":{"start":{"line":58,"column":2},"end":{"line":58,"column":117}},"40":{"start":{"line":59,"column":2},"end":{"line":59,"column":45}},"41":{"start":{"line":59,"column":21},"end":{"line":59,"column":45}},"42":{"start":{"line":61,"column":1},"end":{"line":61,"column":15}},"43":{"start":{"line":64,"column":0},"end":{"line":73,"column":1}},"44":{"start":{"line":65,"column":1},"end":{"line":65,"column":32}},"45":{"start":{"line":66,"column":1},"end":{"line":66,"column":34}},"46":{"start":{"line":66,"column":24},"end":{"line":66,"column":34}},"47":{"start":{"line":67,"column":1},"end":{"line":67,"column":17}},"48":{"start":{"line":68,"column":1},"end":{"line":71,"column":4}},"49":{"start":{"line":69,"column":2},"end":{"line":69,"column":84}},"50":{"start":{"line":70,"column":2},"end":{"line":70,"column":45}},"51":{"start":{"line":70,"column":21},"end":{"line":70,"column":45}},"52":{"start":{"line":72,"column":1},"end":{"line":72,"column":15}},"53":{"start":{"line":75,"column":0},"end":{"line":87,"column":1}},"54":{"start":{"line":76,"column":1},"end":{"line":76,"column":40}},"55":{"start":{"line":77,"column":1},"end":{"line":77,"column":39}},"56":{"start":{"line":77,"column":28},"end":{"line":77,"column":39}},"57":{"start":{"line":78,"column":1},"end":{"line":78,"column":10}},"58":{"start":{"line":79,"column":1},"end":{"line":79,"column":31}},"59":{"start":{"line":79,"column":20},"end":{"line":79,"column":31}},"60":{"start":{"line":80,"column":1},"end":{"line":80,"column":43}},"61":{"start":{"line":81,"column":1},"end":{"line":85,"column":2}},"62":{"start":{"line":82,"column":2},"end":{"line":82,"column":49}},"63":{"start":{"line":83,"column":2},"end":{"line":83,"column":27}},"64":{"start":{"line":83,"column":18},"end":{"line":83,"column":27}},"65":{"start":{"line":84,"column":2},"end":{"line":84,"column":100}},"66":{"start":{"line":86,"column":1},"end":{"line":86,"column":12}},"67":{"start":{"line":89,"column":0},"end":{"line":123,"column":1}},"68":{"start":{"line":90,"column":1},"end":{"line":90,"column":26}},"69":{"start":{"line":91,"column":1},"end":{"line":91,"column":37}},"70":{"start":{"line":91,"column":27},"end":{"line":91,"column":37}},"71":{"start":{"line":92,"column":1},"end":{"line":92,"column":14}},"72":{"start":{"line":93,"column":1},"end":{"line":121,"column":4}},"73":{"start":{"line":94,"column":2},"end":{"line":94,"column":28}},"74":{"start":{"line":95,"column":2},"end":{"line":95,"column":32}},"75":{"start":{"line":95,"column":25},"end":{"line":95,"column":32}},"76":{"start":{"line":96,"column":2},"end":{"line":96,"column":24}},"77":{"start":{"line":97,"column":2},"end":{"line":97,"column":48}},"78":{"start":{"line":98,"column":2},"end":{"line":98,"column":23}},"79":{"start":{"line":99,"column":2},"end":{"line":103,"column":3}},"80":{"start":{"line":100,"column":3},"end":{"line":100,"column":45}},"81":{"start":{"line":101,"column":3},"end":{"line":101,"column":113}},"82":{"start":{"line":102,"column":3},"end":{"line":102,"column":18}},"83":{"start":{"line":104,"column":2},"end":{"line":104,"column":15}},"84":{"start":{"line":105,"column":2},"end":{"line":109,"column":3}},"85":{"start":{"line":106,"column":3},"end":{"line":106,"column":45}},"86":{"start":{"line":107,"column":3},"end":{"line":107,"column":113}},"87":{"start":{"line":108,"column":3},"end":{"line":108,"column":20}},"88":{"start":{"line":110,"column":2},"end":{"line":110,"column":14}},"89":{"start":{"line":111,"column":2},"end":{"line":119,"column":3}},"90":{"start":{"line":112,"column":3},"end":{"line":112,"column":14}},"91":{"start":{"line":113,"column":3},"end":{"line":117,"column":4}},"92":{"start":{"line":114,"column":4},"end":{"line":114,"column":46}},"93":{"start":{"line":115,"column":4},"end":{"line":115,"column":114}},"94":{"start":{"line":116,"column":4},"end":{"line":116,"column":19}},"95":{"start":{"line":118,"column":3},"end":{"line":118,"column":15}},"96":{"start":{"line":120,"column":2},"end":{"line":120,"column":19}},"97":{"start":{"line":122,"column":1},"end":{"line":122,"column":12}},"98":{"start":{"line":125,"column":0},"end":{"line":149,"column":1}},"99":{"start":{"line":126,"column":1},"end":{"line":126,"column":26}},"100":{"start":{"line":127,"column":1},"end":{"line":127,"column":37}},"101":{"start":{"line":127,"column":27},"end":{"line":127,"column":37}},"102":{"start":{"line":128,"column":1},"end":{"line":128,"column":14}},"103":{"start":{"line":129,"column":1},"end":{"line":147,"column":4}},"104":{"start":{"line":130,"column":2},"end":{"line":130,"column":28}},"105":{"start":{"line":131,"column":2},"end":{"line":131,"column":32}},"106":{"start":{"line":131,"column":25},"end":{"line":131,"column":32}},"107":{"start":{"line":132,"column":2},"end":{"line":132,"column":37}},"108":{"start":{"line":133,"column":2},"end":{"line":133,"column":48}},"109":{"start":{"line":134,"column":2},"end":{"line":134,"column":19}},"110":{"start":{"line":135,"column":2},"end":{"line":135,"column":78}},"111":{"start":{"line":136,"column":2},"end":{"line":144,"column":3}},"112":{"start":{"line":137,"column":3},"end":{"line":137,"column":17}},"113":{"start":{"line":138,"column":3},"end":{"line":142,"column":4}},"114":{"start":{"line":139,"column":4},"end":{"line":139,"column":50}},"115":{"start":{"line":140,"column":4},"end":{"line":140,"column":118}},"116":{"start":{"line":141,"column":4},"end":{"line":141,"column":32}},"117":{"start":{"line":143,"column":3},"end":{"line":143,"column":18}},"118":{"start":{"line":145,"column":2},"end":{"line":145,"column":20}},"119":{"start":{"line":146,"column":2},"end":{"line":146,"column":19}},"120":{"start":{"line":148,"column":1},"end":{"line":148,"column":12}},"121":{"start":{"line":151,"column":0},"end":{"line":171,"column":1}},"122":{"start":{"line":152,"column":1},"end":{"line":152,"column":26}},"123":{"start":{"line":153,"column":1},"end":{"line":153,"column":23}},"124":{"start":{"line":154,"column":1},"end":{"line":154,"column":14}},"125":{"start":{"line":155,"column":1},"end":{"line":169,"column":4}},"126":{"start":{"line":156,"column":2},"end":{"line":156,"column":44}},"127":{"start":{"line":157,"column":2},"end":{"line":157,"column":37}},"128":{"start":{"line":158,"column":2},"end":{"line":158,"column":19}},"129":{"start":{"line":159,"column":2},"end":{"line":159,"column":23}},"130":{"start":{"line":160,"column":2},"end":{"line":160,"column":86}},"131":{"start":{"line":160,"column":29},"end":{"line":160,"column":82}},"132":{"start":{"line":161,"column":2},"end":{"line":161,"column":25}},"133":{"start":{"line":162,"column":2},"end":{"line":166,"column":5}},"134":{"start":{"line":163,"column":3},"end":{"line":163,"column":17}},"135":{"start":{"line":164,"column":3},"end":{"line":164,"column":97}},"136":{"start":{"line":164,"column":30},"end":{"line":164,"column":93}},"137":{"start":{"line":165,"column":3},"end":{"line":165,"column":18}},"138":{"start":{"line":167,"column":2},"end":{"line":167,"column":20}},"139":{"start":{"line":168,"column":2},"end":{"line":168,"column":19}},"140":{"start":{"line":170,"column":1},"end":{"line":170,"column":12}},"141":{"start":{"line":173,"column":0},"end":{"line":179,"column":2}},"142":{"start":{"line":180,"column":0},"end":{"line":184,"column":1}},"143":{"start":{"line":181,"column":1},"end":{"line":181,"column":12}},"144":{"start":{"line":182,"column":1},"end":{"line":182,"column":84}},"145":{"start":{"line":182,"column":40},"end":{"line":182,"column":80}},"146":{"start":{"line":182,"column":66},"end":{"line":182,"column":80}},"147":{"start":{"line":183,"column":1},"end":{"line":183,"column":10}},"148":{"start":{"line":185,"column":0},"end":{"line":185,"column":33}},"149":{"start":{"line":186,"column":0},"end":{"line":186,"column":33}},"150":{"start":{"line":187,"column":0},"end":{"line":191,"column":1}},"151":{"start":{"line":188,"column":1},"end":{"line":188,"column":19}},"152":{"start":{"line":189,"column":1},"end":{"line":189,"column":77}},"153":{"start":{"line":189,"column":29},"end":{"line":189,"column":74}},"154":{"start":{"line":190,"column":1},"end":{"line":190,"column":10}},"155":{"start":{"line":193,"column":0},"end":{"line":193,"column":36}},"156":{"start":{"line":194,"column":0},"end":{"line":210,"column":1}},"157":{"start":{"line":195,"column":1},"end":{"line":195,"column":23}},"158":{"start":{"line":196,"column":1},"end":{"line":196,"column":14}},"159":{"start":{"line":197,"column":1},"end":{"line":208,"column":4}},"160":{"start":{"line":198,"column":2},"end":{"line":198,"column":83}},"161":{"start":{"line":199,"column":2},"end":{"line":199,"column":15}},"162":{"start":{"line":200,"column":2},"end":{"line":200,"column":23}},"163":{"start":{"line":201,"column":2},"end":{"line":205,"column":5}},"164":{"start":{"line":202,"column":3},"end":{"line":202,"column":28}},"165":{"start":{"line":203,"column":3},"end":{"line":203,"column":198}},"166":{"start":{"line":203,"column":19},"end":{"line":203,"column":198}},"167":{"start":{"line":203,"column":43},"end":{"line":203,"column":198}},"168":{"start":{"line":204,"column":3},"end":{"line":204,"column":29}},"169":{"start":{"line":206,"column":2},"end":{"line":206,"column":24}},"170":{"start":{"line":207,"column":2},"end":{"line":207,"column":19}},"171":{"start":{"line":209,"column":1},"end":{"line":209,"column":12}},"172":{"start":{"line":212,"column":0},"end":{"line":219,"column":1}},"173":{"start":{"line":213,"column":1},"end":{"line":218,"column":3}},"174":{"start":{"line":214,"column":2},"end":{"line":214,"column":14}},"175":{"start":{"line":214,"column":15},"end":{"line":214,"column":30}},"176":{"start":{"line":215,"column":2},"end":{"line":215,"column":47}},"177":{"start":{"line":215,"column":30},"end":{"line":215,"column":47}},"178":{"start":{"line":216,"column":2},"end":{"line":216,"column":45}},"179":{"start":{"line":216,"column":27},"end":{"line":216,"column":45}},"180":{"start":{"line":217,"column":2},"end":{"line":217,"column":29}},"181":{"start":{"line":221,"column":0},"end":{"line":221,"column":38}},"182":{"start":{"line":222,"column":0},"end":{"line":222,"column":38}},"183":{"start":{"line":223,"column":0},"end":{"line":223,"column":38}},"184":{"start":{"line":224,"column":0},"end":{"line":224,"column":36}},"185":{"start":{"line":225,"column":0},"end":{"line":225,"column":38}},"186":{"start":{"line":226,"column":0},"end":{"line":226,"column":40}},"187":{"start":{"line":228,"column":0},"end":{"line":238,"column":1}},"188":{"start":{"line":229,"column":1},"end":{"line":237,"column":3}},"189":{"start":{"line":230,"column":2},"end":{"line":230,"column":22}},"190":{"start":{"line":231,"column":2},"end":{"line":231,"column":18}},"191":{"start":{"line":232,"column":2},"end":{"line":235,"column":5}},"192":{"start":{"line":233,"column":3},"end":{"line":233,"column":69}},"193":{"start":{"line":234,"column":3},"end":{"line":234,"column":27}},"194":{"start":{"line":236,"column":2},"end":{"line":236,"column":16}},"195":{"start":{"line":240,"column":0},"end":{"line":240,"column":36}},"196":{"start":{"line":241,"column":0},"end":{"line":241,"column":38}},"197":{"start":{"line":242,"column":0},"end":{"line":242,"column":50}},"198":{"start":{"line":245,"column":0},"end":{"line":245,"column":86}},"199":{"start":{"line":245,"column":37},"end":{"line":245,"column":70}},"200":{"start":{"line":247,"column":0},"end":{"line":266,"column":2}},"201":{"start":{"line":267,"column":0},"end":{"line":274,"column":2}},"202":{"start":{"line":276,"column":0},"end":{"line":276,"column":53}},"203":{"start":{"line":276,"column":34},"end":{"line":276,"column":53}}},"branchMap":{"1":{"line":18,"type":"switch","locations":[{"start":{"line":20,"column":2},"end":{"line":20,"column":25}},{"start":{"line":22,"column":2},"end":{"line":22,"column":25}},{"start":{"line":24,"column":2},"end":{"line":24,"column":25}},{"start":{"line":26,"column":2},"end":{"line":26,"column":67}},{"start":{"line":28,"column":2},"end":{"line":28,"column":24}}]},"2":{"line":26,"type":"binary-expr","locations":[{"start":{"line":26,"column":21},"end":{"line":26,"column":33}},{"start":{"line":26,"column":37},"end":{"line":26,"column":49}},{"start":{"line":26,"column":53},"end":{"line":26,"column":65}}]},"3":{"line":33,"type":"if","locations":[{"start":{"line":33,"column":1},"end":{"line":33,"column":1}},{"start":{"line":33,"column":1},"end":{"line":33,"column":1}}]},"4":{"line":38,"type":"if","locations":[{"start":{"line":38,"column":1},"end":{"line":38,"column":1}},{"start":{"line":38,"column":1},"end":{"line":38,"column":1}}]},"5":{"line":44,"type":"if","locations":[{"start":{"line":44,"column":1},"end":{"line":44,"column":1}},{"start":{"line":44,"column":1},"end":{"line":44,"column":1}}]},"6":{"line":48,"type":"if","locations":[{"start":{"line":48,"column":2},"end":{"line":48,"column":2}},{"start":{"line":48,"column":2},"end":{"line":48,"column":2}}]},"7":{"line":55,"type":"if","locations":[{"start":{"line":55,"column":1},"end":{"line":55,"column":1}},{"start":{"line":55,"column":1},"end":{"line":55,"column":1}}]},"8":{"line":58,"type":"cond-expr","locations":[{"start":{"line":58,"column":100},"end":{"line":58,"column":103}},{"start":{"line":58,"column":106},"end":{"line":58,"column":115}}]},"9":{"line":59,"type":"if","locations":[{"start":{"line":59,"column":2},"end":{"line":59,"column":2}},{"start":{"line":59,"column":2},"end":{"line":59,"column":2}}]},"10":{"line":66,"type":"if","locations":[{"start":{"line":66,"column":1},"end":{"line":66,"column":1}},{"start":{"line":66,"column":1},"end":{"line":66,"column":1}}]},"11":{"line":69,"type":"binary-expr","locations":[{"start":{"line":69,"column":62},"end":{"line":69,"column":64}},{"start":{"line":69,"column":66},"end":{"line":69,"column":69}}]},"12":{"line":69,"type":"binary-expr","locations":[{"start":{"line":69,"column":73},"end":{"line":69,"column":75}},{"start":{"line":69,"column":77},"end":{"line":69,"column":81}}]},"13":{"line":70,"type":"if","locations":[{"start":{"line":70,"column":2},"end":{"line":70,"column":2}},{"start":{"line":70,"column":2},"end":{"line":70,"column":2}}]},"14":{"line":76,"type":"binary-expr","locations":[{"start":{"line":76,"column":30},"end":{"line":76,"column":32}},{"start":{"line":76,"column":36},"end":{"line":76,"column":39}}]},"15":{"line":77,"type":"if","locations":[{"start":{"line":77,"column":1},"end":{"line":77,"column":1}},{"start":{"line":77,"column":1},"end":{"line":77,"column":1}}]},"16":{"line":79,"type":"if","locations":[{"start":{"line":79,"column":1},"end":{"line":79,"column":1}},{"start":{"line":79,"column":1},"end":{"line":79,"column":1}}]},"17":{"line":83,"type":"if","locations":[{"start":{"line":83,"column":2},"end":{"line":83,"column":2}},{"start":{"line":83,"column":2},"end":{"line":83,"column":2}}]},"18":{"line":84,"type":"cond-expr","locations":[{"start":{"line":84,"column":33},"end":{"line":84,"column":38}},{"start":{"line":84,"column":41},"end":{"line":84,"column":99}}]},"19":{"line":84,"type":"cond-expr","locations":[{"start":{"line":84,"column":65},"end":{"line":84,"column":91}},{"start":{"line":84,"column":94},"end":{"line":84,"column":99}}]},"20":{"line":91,"type":"if","locations":[{"start":{"line":91,"column":1},"end":{"line":91,"column":1}},{"start":{"line":91,"column":1},"end":{"line":91,"column":1}}]},"21":{"line":95,"type":"if","locations":[{"start":{"line":95,"column":2},"end":{"line":95,"column":2}},{"start":{"line":95,"column":2},"end":{"line":95,"column":2}}]},"22":{"line":101,"type":"cond-expr","locations":[{"start":{"line":101,"column":21},"end":{"line":101,"column":23}},{"start":{"line":101,"column":26},"end":{"line":101,"column":112}}]},"23":{"line":101,"type":"cond-expr","locations":[{"start":{"line":101,"column":48},"end":{"line":101,"column":53}},{"start":{"line":101,"column":56},"end":{"line":101,"column":112}}]},"24":{"line":101,"type":"cond-expr","locations":[{"start":{"line":101,"column":79},"end":{"line":101,"column":104}},{"start":{"line":101,"column":107},"end":{"line":101,"column":112}}]},"25":{"line":107,"type":"cond-expr","locations":[{"start":{"line":107,"column":21},"end":{"line":107,"column":23}},{"start":{"line":107,"column":26},"end":{"line":107,"column":112}}]},"26":{"line":107,"type":"cond-expr","locations":[{"start":{"line":107,"column":48},"end":{"line":107,"column":53}},{"start":{"line":107,"column":56},"end":{"line":107,"column":112}}]},"27":{"line":107,"type":"cond-expr","locations":[{"start":{"line":107,"column":79},"end":{"line":107,"column":104}},{"start":{"line":107,"column":107},"end":{"line":107,"column":112}}]},"28":{"line":115,"type":"cond-expr","locations":[{"start":{"line":115,"column":22},"end":{"line":115,"column":24}},{"start":{"line":115,"column":27},"end":{"line":115,"column":113}}]},"29":{"line":115,"type":"cond-expr","locations":[{"start":{"line":115,"column":49},"end":{"line":115,"column":54}},{"start":{"line":115,"column":57},"end":{"line":115,"column":113}}]},"30":{"line":115,"type":"cond-expr","locations":[{"start":{"line":115,"column":80},"end":{"line":115,"column":105}},{"start":{"line":115,"column":108},"end":{"line":115,"column":113}}]},"31":{"line":127,"type":"if","locations":[{"start":{"line":127,"column":1},"end":{"line":127,"column":1}},{"start":{"line":127,"column":1},"end":{"line":127,"column":1}}]},"32":{"line":131,"type":"if","locations":[{"start":{"line":131,"column":2},"end":{"line":131,"column":2}},{"start":{"line":131,"column":2},"end":{"line":131,"column":2}}]},"33":{"line":140,"type":"cond-expr","locations":[{"start":{"line":140,"column":26},"end":{"line":140,"column":28}},{"start":{"line":140,"column":31},"end":{"line":140,"column":117}}]},"34":{"line":140,"type":"cond-expr","locations":[{"start":{"line":140,"column":53},"end":{"line":140,"column":58}},{"start":{"line":140,"column":61},"end":{"line":140,"column":117}}]},"35":{"line":140,"type":"cond-expr","locations":[{"start":{"line":140,"column":84},"end":{"line":140,"column":109}},{"start":{"line":140,"column":112},"end":{"line":140,"column":117}}]},"36":{"line":160,"type":"cond-expr","locations":[{"start":{"line":160,"column":64},"end":{"line":160,"column":65}},{"start":{"line":160,"column":68},"end":{"line":160,"column":70}}]},"37":{"line":162,"type":"binary-expr","locations":[{"start":{"line":162,"column":3},"end":{"line":162,"column":14}},{"start":{"line":162,"column":16},"end":{"line":162,"column":18}}]},"38":{"line":164,"type":"cond-expr","locations":[{"start":{"line":164,"column":70},"end":{"line":164,"column":76}},{"start":{"line":164,"column":79},"end":{"line":164,"column":81}}]},"39":{"line":182,"type":"if","locations":[{"start":{"line":182,"column":40},"end":{"line":182,"column":40}},{"start":{"line":182,"column":40},"end":{"line":182,"column":40}}]},"40":{"line":201,"type":"binary-expr","locations":[{"start":{"line":201,"column":3},"end":{"line":201,"column":5}},{"start":{"line":201,"column":7},"end":{"line":201,"column":9}}]},"41":{"line":203,"type":"if","locations":[{"start":{"line":203,"column":19},"end":{"line":203,"column":19}},{"start":{"line":203,"column":19},"end":{"line":203,"column":19}}]},"42":{"line":214,"type":"binary-expr","locations":[{"start":{"line":214,"column":6},"end":{"line":214,"column":7}},{"start":{"line":214,"column":11},"end":{"line":214,"column":13}}]},"43":{"line":215,"type":"if","locations":[{"start":{"line":215,"column":2},"end":{"line":215,"column":2}},{"start":{"line":215,"column":2},"end":{"line":215,"column":2}}]},"44":{"line":216,"type":"if","locations":[{"start":{"line":216,"column":2},"end":{"line":216,"column":2}},{"start":{"line":216,"column":2},"end":{"line":216,"column":2}}]},"45":{"line":276,"type":"if","locations":[{"start":{"line":276,"column":0},"end":{"line":276,"column":0}},{"start":{"line":276,"column":0},"end":{"line":276,"column":0}}]}},"code":["/* j -- (C) 2013-present  SheetJS -- http://sheetjs.com */","/* vim: set ts=2: */","/*jshint node:true, eqnull:true */","var XLSX = require('xlsx');","var XLS = XLSX;","var HARB = require('harb');","var UTILS = XLSX.utils;","","var libs = [","\t[\"XLS\", XLS],","\t[\"XLSX\", XLSX],","\t[\"HARB\", HARB]","];","","var fs = require('fs');","","var is_xlsx = function(d) {","\tswitch(d[0]) {","\t\t/* CFB container */","\t\tcase 0xd0: return true;","\t\t/* XML container (assumed 2003/2004) */","\t\tcase 0x3c: return true;","\t\t/* BIFF */","\t\tcase 0x09: return true;","\t\t/* Zip container or plaintext */","\t\tcase 0x50: return (d[1] == 0x4b && d[2] <= 0x10 && d[3] <= 0x10);","\t\t/* Unknown */","\t\tdefault: return false;","\t}","}","var readFileSync = function(filename, options) {","\tvar f = fs.readFileSync(filename);","\tif(is_xlsx(f)) return [XLSX, XLSX.readFile(filename, options)];","\telse return [HARB, HARB.readFile(filename, options)];","};","","var read = function(data, options) {","\tif(is_xlsx(data)) return [XLSX, XLSX.read(data, options)];","\telse return [HARB, HARB.read(data.toString(), options)];","};","","function to_formulae(w) {","\tvar XL = w[0], workbook = w[1];","\tif(!XL.utils.get_formulae) XL = XLSX;","\tvar result = {};","\tworkbook.SheetNames.forEach(function(sheetName) {","\t\tvar f = XL.utils.get_formulae(workbook.Sheets[sheetName]);","\t\tif(f.length > 0) result[sheetName] = f;","\t});","\treturn result;","}","","function to_json(w, raw) {","\tvar XL = w[0], workbook = w[1];","\tif(!XL.utils.sheet_to_row_object_array) XL = XLSX;","\tvar result = {};","\tworkbook.SheetNames.forEach(function(sheetName) {","\t\tvar roa = XL.utils.sheet_to_row_object_array(workbook.Sheets[sheetName], typeof raw == \"object\" ? raw : {raw:raw});","\t\tif(roa.length > 0) result[sheetName] = roa;","\t});","\treturn result;","}","","function to_dsv(w, FS, RS) {","\tvar XL = w[0], workbook = w[1];","\tif(!XL.utils.make_csv) XL = XLSX;","\tvar result = {};","\tworkbook.SheetNames.forEach(function(sheetName) {","\t\tvar csv = XL.utils.make_csv(workbook.Sheets[sheetName], {FS:FS||\",\",RS:RS||\"\\n\"});","\t\tif(csv.length > 0) result[sheetName] = csv;","\t});","\treturn result;","}","","function get_cols(sheet, XL) {","\tvar val, r, hdr, R, C, _XL = XL || XLS;","\tif(!_XL.utils.format_cell) _XL = XLSX;","\thdr = [];","\tif(!sheet[\"!ref\"]) return hdr;","\tr = _XL.utils.decode_range(sheet[\"!ref\"]);","\tfor (R = r.s.r, C = r.s.c; C <= r.e.c; ++C) {","\t\tval = sheet[_XL.utils.encode_cell({c:C, r:R})];","\t\tif(val == null) continue;","\t\thdr[C] = val.w !== undefined ? val.w : _XL.utils.format_cell ? _XL.utils.format_cell(val) : val.v;","\t}","\treturn hdr;","}","","function to_md(w) {","\tvar XL = w[0], wb = w[1];","\tif(!XL.utils.format_cell) XL = XLSX;","\tvar tbl = {};","\twb.SheetNames.forEach(function(sheet) {","\t\tvar ws = wb.Sheets[sheet];","\t\tif(ws[\"!ref\"] == null) return;","\t\tvar src = \"|\", val, w;","\t\tvar range = XL.utils.decode_range(ws[\"!ref\"]);","\t\tvar R = range.s.r, C;","\t\tfor(C = range.s.c; C <= range.e.c; ++C) {","\t\t\tval = ws[XL.utils.encode_cell({c:C,r:R})];","\t\t\tw = val == null ? \"\" : val.w !== undefined ? val.w : XL.utils.format_cell ? XL.utils.format_cell(val) : val.v;","\t\t\tsrc += w + \"|\";","\t\t}","\t\tsrc += \"\\n|\";","\t\tfor(C = range.s.c; C <= range.e.c; ++C) {","\t\t\tval = ws[XL.utils.encode_cell({c:C,r:R})];","\t\t\tw = val == null ? \"\" : val.w !== undefined ? val.w : XL.utils.format_cell ? XL.utils.format_cell(val) : val.v;","\t\t\tsrc += \" ---- |\";","\t\t}","\t\tsrc += \"\\n\";","\t\tfor(R = range.s.r+1; R <= range.e.r; ++R) {","\t\t\tsrc += \"|\";","\t\t\tfor(C = range.s.c; C <= range.e.c; ++C) {","\t\t\t\tval = ws[XL.utils.encode_cell({c:C,r:R})];","\t\t\t\tw = val == null ? \"\" : val.w !== undefined ? val.w : XL.utils.format_cell ? XL.utils.format_cell(val) : val.v;","\t\t\t\tsrc += w + \"|\";","\t\t\t}","\t\t\tsrc += \"\\n\";","\t\t}","\t\ttbl[sheet] = src;","\t});","\treturn tbl;","}","","function to_html(w) {","\tvar XL = w[0], wb = w[1];","\tif(!XL.utils.format_cell) XL = XLSX;","\tvar tbl = {};","\twb.SheetNames.forEach(function(sheet) {","\t\tvar ws = wb.Sheets[sheet];","\t\tif(ws[\"!ref\"] == null) return;","\t\tvar src = \"<h3>\" + sheet + \"</h3>\";","\t\tvar range = XL.utils.decode_range(ws[\"!ref\"]);","\t\tsrc += \"<table>\";","\t\tsrc += \"<colgroup span=\\\"\" + (range.e.c - range.s.c + 1) + \"\\\"></colgroup>\";","\t\tfor(var R = range.s.r; R <= range.e.r; ++R) {","\t\t\tsrc += \"<tr>\";","\t\t\tfor(var C = range.s.c; C <= range.e.c; ++C) {","\t\t\t\tvar val = ws[XL.utils.encode_cell({c:C,r:R})];","\t\t\t\tvar w = val == null ? \"\" : val.w !== undefined ? val.w : XL.utils.format_cell ? XL.utils.format_cell(val) : val.v;","\t\t\t\tsrc += \"<td>\" + w + \"</td>\";","\t\t\t}","\t\t\tsrc += \"</tr>\";","\t\t}","\t\tsrc += \"</table>\";","\t\ttbl[sheet] = src;","\t});","\treturn tbl;","}","","function to_html_cols(w) {","\tvar XL = w[0], wb = w[1];","\tvar json = to_json(w);","\tvar tbl = {};","\twb.SheetNames.forEach(function(sheet) {","\t\tvar cols = get_cols(wb.Sheets[sheet], XL);","\t\tvar src = \"<h3>\" + sheet + \"</h3>\";","\t\tsrc += \"<table>\";","\t\tsrc += \"<thead><tr>\";","\t\tcols.forEach(function(c) { src += \"<th>\" + (c !== undefined ? c : \"\") + \"</th>\"; });","\t\tsrc += \"</tr></thead>\";","\t\t(json[sheet]||[]).forEach(function(row) {","\t\t\tsrc += \"<tr>\";","\t\t\tcols.forEach(function(c) { src += \"<td>\" + (row[c] !== undefined ? row[c] : \"\") + \"</td>\"; });","\t\t\tsrc += \"</tr>\";","\t\t});","\t\tsrc += \"</table>\";","\t\ttbl[sheet] = src;","\t});","\treturn tbl;","}","","var encodings = {","\t'&quot;': '\"',","\t'&apos;': \"'\",","\t'&gt;': '>',","\t'&lt;': '<',","\t'&amp;': '&'","};","function evert(obj) {","\tvar o = {};","\tObject.keys(obj).forEach(function(k) { if(obj.hasOwnProperty(k)) o[obj[k]] = k; });","\treturn o;","}","var rencoding = evert(encodings);","var rencstr = \"&<>'\\\"\".split(\"\");","function escapexml(text){","\tvar s = text + '';","\trencstr.forEach(function(y){s=s.replace(new RegExp(y,'g'), rencoding[y]);});","\treturn s;","}","","var cleanregex = /[^A-Za-z0-9_.:]/g;","function to_xml(w) {","\tvar json = to_json(w);","\tvar lst = {};","\tw[1].SheetNames.forEach(function(sheet) {","\t\tvar js = json[sheet], s = sheet.replace(cleanregex,\"\").replace(/^([0-9])/,\"_$1\");","\t\tvar xml = \"\";","\t\txml += \"<\" + s + \">\";","\t\t(js||[]).forEach(function(r) {","\t\t\txml += \"<\" + s + \"Data>\";","\t\t\tfor(var y in r) if(r.hasOwnProperty(y)) xml += \"<\" + y.replace(cleanregex,\"\").replace(/^([0-9])/,\"_$1\") + \">\" + escapexml(r[y]) + \"</\" +  y.replace(cleanregex,\"\").replace(/^([0-9])/,\"_$1\") + \">\";","\t\t\txml += \"</\" + s + \"Data>\";","\t\t});","\t\txml += \"</\" + s + \">\";","\t\tlst[sheet] = xml;","\t});","\treturn lst;","}","","function to_xlsx_factory(t) {","\treturn function(w, o) {","\t\to = o || {}; o.bookType = t;","\t\tif(o.bookSST === undefined) o.bookSST = true;","\t\tif(o.type === undefined) o.type = 'buffer';","\t\treturn XLSX.write(w[1], o);","\t};","}","","var to_xlsx = to_xlsx_factory('xlsx');","var to_xlsm = to_xlsx_factory('xlsm');","var to_xlsb = to_xlsx_factory('xlsb');","var to_ods = to_xlsx_factory('ods');","var to_fods = to_xlsx_factory('fods');","var to_biff2 = to_xlsx_factory('biff2');","","function to_harb_factory(t) {","\treturn function (w) {","\t\tvar workbook = w[1];","\t\tvar result = {};","\t\tworkbook.SheetNames.forEach(function(sheetName) {","\t\t\tvar out = HARB.utils[\"sheet_to_\" + t](workbook.Sheets[sheetName]);","\t\t\tresult[sheetName] = out;","\t\t});","\t\treturn result;","\t};","}","","var to_dif = to_harb_factory('dif');","var to_sylk = to_harb_factory('sylk');","var to_socialcalc = to_harb_factory('socialcalc');","","","var version = libs.map(function(x) { return x[0] + \" \" + x[1].version; }).join(\" ; \");","","var utils = {","\tto_csv: to_dsv,","\tto_dsv: to_dsv,","\tto_xml: to_xml,","\tto_xlsx: to_xlsx,","\tto_xlsm: to_xlsm,","\tto_xlsb: to_xlsb,","\tto_ods: to_ods,","\tto_fods: to_fods,","\tto_biff2: to_biff2,","\tto_json: to_json,","\tto_html: to_html,","\tto_html_cols: to_html_cols,","\tto_formulae: to_formulae,","\tto_md: to_md,","\tto_dif: to_dif,","\tto_sylk: to_sylk,","\tto_socialcalc: to_socialcalc,","\tget_cols: get_cols","};","var J = {","\tXLSX: XLSX,","\tXLS: XLS,","\treadFile:readFileSync,","\tread:read,","\tutils: utils,","\tversion: version","};","","if(typeof module !== 'undefined') module.exports = J;",""],"l":{"4":1,"5":1,"6":1,"7":1,"9":1,"15":1,"17":1,"18":0,"20":0,"22":0,"24":0,"26":0,"28":0,"31":1,"32":0,"33":0,"34":0,"37":1,"38":0,"39":0,"42":1,"43":0,"44":0,"45":0,"46":0,"47":0,"48":0,"50":0,"53":1,"54":0,"55":0,"56":0,"57":0,"58":0,"59":0,"61":0,"64":1,"65":0,"66":0,"67":0,"68":0,"69":0,"70":0,"72":0,"75":1,"76":0,"77":0,"78":0,"79":0,"80":0,"81":0,"82":0,"83":0,"84":0,"86":0,"89":1,"90":0,"91":0,"92":0,"93":0,"94":0,"95":0,"96":0,"97":0,"98":0,"99":0,"100":0,"101":0,"102":0,"104":0,"105":0,"106":0,"107":0,"108":0,"110":0,"111":0,"112":0,"113":0,"114":0,"115":0,"116":0,"118":0,"120":0,"122":0,"125":1,"126":0,"127":0,"128":0,"129":0,"130":0,"131":0,"132":0,"133":0,"134":0,"135":0,"136":0,"137":0,"138":0,"139":0,"140":0,"141":0,"143":0,"145":0,"146":0,"148":0,"151":1,"152":0,"153":0,"154":0,"155":0,"156":0,"157":0,"158":0,"159":0,"160":0,"161":0,"162":0,"163":0,"164":0,"165":0,"167":0,"168":0,"170":0,"173":1,"180":1,"181":1,"182":5,"183":1,"185":1,"186":1,"187":1,"188":0,"189":0,"190":0,"193":1,"194":1,"195":0,"196":0,"197":0,"198":0,"199":0,"200":0,"201":0,"202":0,"203":0,"204":0,"206":0,"207":0,"209":0,"212":1,"213":6,"214":0,"215":0,"216":0,"217":0,"221":1,"222":1,"223":1,"224":1,"225":1,"226":1,"228":1,"229":3,"230":0,"231":0,"232":0,"233":0,"234":0,"236":0,"240":1,"241":1,"242":1,"245":3,"247":1,"267":1,"276":1}}}